<?xml version="1.0" encoding="UTF-8"?>
<!-- Generated by org.testng.reporters.JUnitReportReporter -->
<testsuite hostname="Tiago" name="br.com.ribeiraoreefshop.test.model.entity.UsuarioTestNG" tests="1" failures="0" timestamp="17 May 2018 19:14:29 GMT" time="0.058" errors="0">
  <testcase name="criacao" time="0.058" classname="br.com.ribeiraoreefshop.test.model.entity.UsuarioTestNG"/>
</testsuite> <!-- br.com.ribeiraoreefshop.test.model.entity.UsuarioTestNG -->
