<?xml version="1.0" encoding="UTF-8"?>
<!-- Generated by org.testng.reporters.JUnitReportReporter -->
<testsuite hostname="Tiago" name="br.com.ribeiraoreefshop.test.model.entity.UsuarioTestNG" tests="1" failures="0" timestamp="16 May 2018 14:09:18 GMT" time="98.871" errors="0">
  <testcase name="criacao" time="98.871" classname="br.com.ribeiraoreefshop.test.model.entity.UsuarioTestNG"/>
</testsuite> <!-- br.com.ribeiraoreefshop.test.model.entity.UsuarioTestNG -->
