<?xml version="1.0" encoding="UTF-8"?>
<!-- Generated by org.testng.reporters.JUnitReportReporter -->
<testsuite hostname="Tiago" name="br.com.ribeiraoreefshop.test.model.entity.ProdutoTestNG" tests="1" failures="0" timestamp="18 May 2018 17:27:45 GMT" time="18.977" errors="0">
  <testcase name="criacao" time="18.977" classname="br.com.ribeiraoreefshop.test.model.entity.ProdutoTestNG"/>
</testsuite> <!-- br.com.ribeiraoreefshop.test.model.entity.ProdutoTestNG -->
