<?xml version="1.0" encoding="UTF-8"?>
<!-- Generated by org.testng.reporters.JUnitReportReporter -->
<testsuite hostname="Tiago" name="br.com.ribeiraoreefshop.test.model.entity.CarrinhoTestNG" tests="1" failures="0" timestamp="18 May 2018 17:26:50 GMT" time="39.751" errors="0">
  <testcase name="criacao" time="39.751" classname="br.com.ribeiraoreefshop.test.model.entity.CarrinhoTestNG"/>
</testsuite> <!-- br.com.ribeiraoreefshop.test.model.entity.CarrinhoTestNG -->
