<?xml version="1.0" encoding="UTF-8"?>
<!-- Generated by org.testng.reporters.JUnitReportReporter -->
<testsuite hostname="Tiago" name="br.com.ribeiraoreefshop.test.model.entity.ProdutoTestNG" tests="1" failures="0" timestamp="16 May 2018 20:00:37 GMT" time="49.207" errors="0">
  <testcase name="criacao" time="49.207" classname="br.com.ribeiraoreefshop.test.model.entity.ProdutoTestNG"/>
</testsuite> <!-- br.com.ribeiraoreefshop.test.model.entity.ProdutoTestNG -->
