<?xml version="1.0" encoding="UTF-8"?>
<!-- Generated by org.testng.reporters.JUnitReportReporter -->
<testsuite hostname="Tiago" name="br.com.ribeiraoreefshop.test.model.entity.ClienteMasterHelpReefTestNG" tests="1" failures="0" timestamp="4 May 2018 21:08:53 GMT" time="0.228" errors="0">
  <testcase name="criacao" time="0.228" classname="br.com.ribeiraoreefshop.test.model.entity.ClienteMasterHelpReefTestNG"/>
</testsuite> <!-- br.com.ribeiraoreefshop.test.model.entity.ClienteMasterHelpReefTestNG -->
