<?xml version="1.0" encoding="UTF-8"?>
<!-- Generated by org.testng.reporters.JUnitReportReporter -->
<testsuite hostname="Tiago" name="br.com.ribeiraoreefshop.test.model.entity.PedidoTestNG" tests="2" failures="0" timestamp="10 May 2018 21:54:26 GMT" time="0.093" errors="0">
  <testcase name="criacao" time="0.085" classname="br.com.ribeiraoreefshop.test.model.entity.PedidoTestNG"/>
  <testcase name="testeGeracaoCodigo" time="0.008" classname="br.com.ribeiraoreefshop.test.model.entity.PedidoTestNG"/>
</testsuite> <!-- br.com.ribeiraoreefshop.test.model.entity.PedidoTestNG -->
