<?xml version="1.0" encoding="UTF-8"?>
<!-- Generated by org.testng.reporters.JUnitReportReporter -->
<testsuite hostname="Tiago" name="br.com.ribeiraoreefshop.test.model.entity.PedidoTestNG" tests="2" failures="0" timestamp="11 May 2018 18:58:36 GMT" time="0.166" errors="0">
  <testcase name="testeGeracaoCodigo" time="0.018" classname="br.com.ribeiraoreefshop.test.model.entity.PedidoTestNG"/>
  <testcase name="criacao" time="0.148" classname="br.com.ribeiraoreefshop.test.model.entity.PedidoTestNG"/>
</testsuite> <!-- br.com.ribeiraoreefshop.test.model.entity.PedidoTestNG -->
