<?xml version="1.0" encoding="UTF-8"?>
<!-- Generated by org.testng.reporters.JUnitReportReporter -->
<testsuite hostname="Tiago" name="br.com.ribeiraoreefshop.test.model.entity.ProdutoTestNG" tests="1" failures="0" timestamp="19 May 2018 15:41:16 GMT" time="0.585" errors="0">
  <testcase name="criacao" time="0.585" classname="br.com.ribeiraoreefshop.test.model.entity.ProdutoTestNG"/>
</testsuite> <!-- br.com.ribeiraoreefshop.test.model.entity.ProdutoTestNG -->
