<?xml version="1.0" encoding="UTF-8"?>
<!-- Generated by org.testng.reporters.JUnitReportReporter -->
<testsuite hostname="Tiago" name="br.com.ribeiraoreefshop.test.model.entity.ProdutoCarrinhoTestNG" tests="1" failures="0" timestamp="18 May 2018 19:18:36 GMT" time="87.230" errors="0">
  <testcase name="criacao" time="87.230" classname="br.com.ribeiraoreefshop.test.model.entity.ProdutoCarrinhoTestNG"/>
</testsuite> <!-- br.com.ribeiraoreefshop.test.model.entity.ProdutoCarrinhoTestNG -->
