<?xml version="1.0" encoding="UTF-8"?>
<!-- Generated by org.testng.reporters.JUnitReportReporter -->
<testsuite hostname="Tiago" name="br.com.rreefstore.test.model.entity.PessoaTestNG" tests="3" failures="0" timestamp="30 Apr 2018 21:18:25 GMT" time="64.584" errors="0">
  <testcase name="criacao" time="0.150" classname="br.com.rreefstore.test.model.entity.PessoaTestNG"/>
  <testcase name="consulta" time="60.773" classname="br.com.rreefstore.test.model.entity.PessoaTestNG"/>
  <testcase name="delecao" time="3.661" classname="br.com.rreefstore.test.model.entity.PessoaTestNG"/>
</testsuite> <!-- br.com.rreefstore.test.model.entity.PessoaTestNG -->
